{"level":"info","message":"GET /store undefined"}
{"level":"info","message":"PATCH /store undefined"}
{"level":"info","message":"PATCH /store undefined"}
{"level":"info","message":"GET /store undefined"}
{"level":"info","message":"GET /product undefined"}
{"level":"info","message":"GET /product?storId=1 undefined"}
{"level":"info","message":"GET /product?storeId=1 undefined"}
{"level":"info","message":"GET /product?storeId=1 undefined"}
{"level":"info","message":"GET /product?storeId=1 undefined"}
{"level":"info","message":"GET /productCategory?storeId=1 undefined"}
{"level":"info","message":"GET /product/productCategory?storeId=1 undefined"}
{"level":"info","message":"GET /product/productCategory?storeId=1 undefined"}
{"level":"info","message":"POST /order undefined"}
{"level":"info","message":"GET /order undefined"}
{"level":"info","message":"GET /order?storeId=1&groceryST undefined"}
{"level":"info","message":"GET /order?storeId=1&groceryST undefined"}
{"level":"info","message":"GET /order?storeId=1&groceryStoreId=1 undefined"}
{"level":"info","message":"GET /order/orderDetails undefined"}
{"level":"info","message":"GET /order/orderDetails?orderId undefined"}
{"level":"info","message":"GET /order/orderDetails?orderId=1 undefined"}
{"level":"info","message":"GET /order/orderDetails?orderId=1 undefined"}
{"level":"info","message":"GET /order/orderDetails?orderId=1 undefined"}
{"level":"info","message":"GET /order/orderDetails?orderId=1 undefined"}
{"level":"info","message":"GET /order/orderDetails?orderId=1 undefined"}
{"level":"info","message":"POST /order undefined"}
{"level":"info","message":"POST /order undefined"}
{"level":"info","message":"POST /order undefined"}
{"level":"info","message":"POST /order undefined"}
{"level":"info","message":"POST /order undefined"}
{"level":"info","message":"POST /order undefined"}
{"level":"info","message":"POST /order undefined"}
{"level":"info","message":"POST /order undefined"}
{"level":"info","message":"GET /order/orderDetails?orderId=13 undefined"}
{"level":"info","message":"GET /order/orderDetails?orderId=13 undefined"}
{"level":"info","message":"GET /order/orderDetails/pdf?orderId=13 undefined"}
{"level":"info","message":"GET /order/orderDetails/pdf?orderId=13 undefined"}
{"level":"info","message":"GET /favicon.ico undefined"}
{"level":"info","message":"POST /store/gorceryStore undefined"}
{"level":"info","message":"POST /store/groceryStore undefined"}
{"level":"info","message":"POST /product undefined"}
{"level":"info","message":"POST /product undefined"}
